Using pre-set license
Built from '2021.3/staging' branch; Version is '2021.3.45f1 (0da89fac8e79) revision 895135'; Using compiler version '192829333'; Build Type 'Release'
OS: 'Windows 11  (10.0.26100) 64bit Professional' Language: 'en' Physical Memory: 16269 MB
BatchMode: 1, IsHumanControllingUs: 0, StartBugReporterOnCrash: 0, Is64bit: 1, IsPro: 1

COMMAND LINE ARGUMENTS:
D:\Progs\Unity Hub\EDITOR\2021.3.45f1\Editor\Unity.exe
-adb2
-batchMode
-noUpm
-name
AssetImportWorker0
-projectPath
D:/Progs/UnityProj/PacMan/Unity2021.3.45f1-PacMan3D/PacMan3D
-logFile
Logs/AssetImportWorker0.log
-srvPort
50890
Successfully changed project path to: D:/Progs/UnityProj/PacMan/Unity2021.3.45f1-PacMan3D/PacMan3D
D:/Progs/UnityProj/PacMan/Unity2021.3.45f1-PacMan3D/PacMan3D
[UnityMemory] Configuration Parameters - Can be set up in boot.config
    "memorysetup-bucket-allocator-granularity=16"
    "memorysetup-bucket-allocator-bucket-count=8"
    "memorysetup-bucket-allocator-block-size=33554432"
    "memorysetup-bucket-allocator-block-count=8"
    "memorysetup-main-allocator-block-size=16777216"
    "memorysetup-thread-allocator-block-size=16777216"
    "memorysetup-gfx-main-allocator-block-size=16777216"
    "memorysetup-gfx-thread-allocator-block-size=16777216"
    "memorysetup-cache-allocator-block-size=4194304"
    "memorysetup-typetree-allocator-block-size=2097152"
    "memorysetup-profiler-bucket-allocator-granularity=16"
    "memorysetup-profiler-bucket-allocator-bucket-count=8"
    "memorysetup-profiler-bucket-allocator-block-size=33554432"
    "memorysetup-profiler-bucket-allocator-block-count=8"
    "memorysetup-profiler-allocator-block-size=16777216"
    "memorysetup-profiler-editor-allocator-block-size=1048576"
    "memorysetup-temp-allocator-size-main=16777216"
    "memorysetup-job-temp-allocator-block-size=2097152"
    "memorysetup-job-temp-allocator-block-size-background=1048576"
    "memorysetup-job-temp-allocator-reduction-small-platforms=262144"
    "memorysetup-temp-allocator-size-background-worker=32768"
    "memorysetup-temp-allocator-size-job-worker=262144"
    "memorysetup-temp-allocator-size-preload-manager=33554432"
    "memorysetup-temp-allocator-size-nav-mesh-worker=65536"
    "memorysetup-temp-allocator-size-audio-worker=65536"
    "memorysetup-temp-allocator-size-cloud-worker=32768"
    "memorysetup-temp-allocator-size-gi-baking-worker=262144"
    "memorysetup-temp-allocator-size-gfx=262144"
Player connection [15896] Host "[IP] 192.168.0.100 [Port] 0 [Flags] 2 [Guid] 1995012889 [EditorId] 1995012889 [Version] 1048832 [Id] WindowsEditor(7,DESKTOP-LUBQHGE) [Debug] 1 [PackageName] WindowsEditor [ProjectName] Editor" joined multi-casting on [225.0.0.222:54997]...

Player connection [15896] Host "[IP] 192.168.0.100 [Port] 0 [Flags] 2 [Guid] 1995012889 [EditorId] 1995012889 [Version] 1048832 [Id] WindowsEditor(7,DESKTOP-LUBQHGE) [Debug] 1 [PackageName] WindowsEditor [ProjectName] Editor" joined alternative multi-casting on [225.0.0.222:34997]...

[Physics::Module] Initialized MultithreadedJobDispatcher with {0} workers.
Refreshing native plugins compatible for Editor in 33.14 ms, found 3 plugins.
Preloading 0 native plugins for Editor in 0.00 ms.
Initialize engine version: 2021.3.45f1 (0da89fac8e79)
[Subsystems] Discovering subsystems at path D:/Progs/Unity Hub/EDITOR/2021.3.45f1/Editor/Data/Resources/UnitySubsystems
[Subsystems] Discovering subsystems at path D:/Progs/UnityProj/PacMan/Unity2021.3.45f1-PacMan3D/PacMan3D/Assets
GfxDevice: creating device client; threaded=0; jobified=0
Direct3D:
    Version:  Direct3D 11.0 [level 11.1]
    Renderer: NVIDIA GeForce GTX 1050 Ti (ID=0x1c82)
    Vendor:   NVIDIA
    VRAM:     4004 MB
    Driver:   32.0.15.7216
Initialize mono
Mono path[0] = 'D:/Progs/Unity Hub/EDITOR/2021.3.45f1/Editor/Data/Managed'
Mono path[1] = 'D:/Progs/Unity Hub/EDITOR/2021.3.45f1/Editor/Data/MonoBleedingEdge/lib/mono/unityjit-win32'
Mono config path = 'D:/Progs/Unity Hub/EDITOR/2021.3.45f1/Editor/Data/MonoBleedingEdge/etc'
Using monoOptions --debugger-agent=transport=dt_socket,embedding=1,server=y,suspend=n,address=127.0.0.1:56560
Begin MonoManager ReloadAssembly
Registering precompiled unity dll's ...
Register platform support module: D:/Progs/Unity Hub/EDITOR/2021.3.45f1/Editor/Data/PlaybackEngines/WindowsStandaloneSupport/UnityEditor.WindowsStandalone.Extensions.dll
Registered in 0.001587 seconds.
Native extension for WindowsStandalone target not found
Refreshing native plugins compatible for Editor in 38.29 ms, found 3 plugins.
Preloading 0 native plugins for Editor in 0.00 ms.
Mono: successfully reloaded assembly
- Completed reload, in  0.447 seconds
Domain Reload Profiling:
	ReloadAssembly (447ms)
		BeginReloadAssembly (70ms)
			ExecutionOrderSort (0ms)
			DisableScriptedObjects (0ms)
			BackupInstance (0ms)
			ReleaseScriptingObjects (0ms)
			CreateAndSetChildDomain (1ms)
		EndReloadAssembly (312ms)
			LoadAssemblies (70ms)
			RebuildTransferFunctionScriptingTraits (0ms)
			SetupTypeCache (78ms)
			ReleaseScriptCaches (0ms)
			RebuildScriptCaches (21ms)
			SetupLoadedEditorAssemblies (180ms)
				LogAssemblyErrors (0ms)
				InitializePlatformSupportModulesInManaged (5ms)
				SetLoadedEditorAssemblies (0ms)
				RefreshPlugins (38ms)
				BeforeProcessingInitializeOnLoad (2ms)
				ProcessInitializeOnLoadAttributes (100ms)
				ProcessInitializeOnLoadMethodAttributes (35ms)
				AfterProcessingInitializeOnLoad (0ms)
				EditorAssembliesLoaded (0ms)
			ExecutionOrderSort2 (0ms)
			AwakeInstancesAfterBackupRestoration (0ms)
Platform modules already initialized, skipping
Registering precompiled user dll's ...
Registered in 0.003210 seconds.
Begin MonoManager ReloadAssembly
Native extension for WindowsStandalone target not found
Refreshing native plugins compatible for Editor in 0.44 ms, found 3 plugins.
Preloading 0 native plugins for Editor in 0.00 ms.
Package Manager log level set to [2]
[Package Manager] Server::EnsureServerProcessIsRunning -- launch failed, reason: Unity was launched with the -noUpm command-line argument
[Package Manager] Cannot connect to Unity Package Manager local server
Mono: successfully reloaded assembly
- Completed reload, in  1.125 seconds
Domain Reload Profiling:
	ReloadAssembly (1126ms)
		BeginReloadAssembly (108ms)
			ExecutionOrderSort (0ms)
			DisableScriptedObjects (5ms)
			BackupInstance (0ms)
			ReleaseScriptingObjects (0ms)
			CreateAndSetChildDomain (20ms)
		EndReloadAssembly (941ms)
			LoadAssemblies (74ms)
			RebuildTransferFunctionScriptingTraits (0ms)
			SetupTypeCache (196ms)
			ReleaseScriptCaches (0ms)
			RebuildScriptCaches (34ms)
			SetupLoadedEditorAssemblies (637ms)
				LogAssemblyErrors (0ms)
				InitializePlatformSupportModulesInManaged (3ms)
				SetLoadedEditorAssemblies (0ms)
				RefreshPlugins (0ms)
				BeforeProcessingInitializeOnLoad (38ms)
				ProcessInitializeOnLoadAttributes (576ms)
				ProcessInitializeOnLoadMethodAttributes (17ms)
				AfterProcessingInitializeOnLoad (2ms)
				EditorAssembliesLoaded (0ms)
			ExecutionOrderSort2 (0ms)
			AwakeInstancesAfterBackupRestoration (5ms)
Platform modules already initialized, skipping
========================================================================
Worker process is ready to serve import requests
Launched and connected shader compiler UnityShaderCompiler.exe after 0.03 seconds
Refreshing native plugins compatible for Editor in 0.83 ms, found 3 plugins.
Preloading 0 native plugins for Editor in 0.00 ms.
Unloading 3080 Unused Serialized files (Serialized files now loaded: 0)
Unloading 24 unused Assets / (46.5 KB). Loaded Objects now: 3539.
Memory consumption went from 106.7 MB to 106.7 MB.
Total: 3.385700 ms (FindLiveObjects: 0.351600 ms CreateObjectMapping: 0.092200 ms MarkObjects: 2.869700 ms  DeleteObjects: 0.071600 ms)

AssetImportParameters requested are different than current active one (requested -> active):
  custom:video-decoder-ogg-theora: a1e56fd34408186e4bbccfd4996cb3dc -> 
  custom:container-muxer-webm: aa71ff27fc2769a1b78a27578f13a17b -> 
  custom:container-demuxer-webm: 4f35f7cbe854078d1ac9338744f61a02 -> 
  custom:video-encoder-webm-vp8: eb34c28f22e8b96e1ab97ce403110664 -> 
  custom:video-codec-MediaFoundation-h265: 746d11721c4dcdbdad8f713fa42b33f4 -> 
  custom:CustomObjectIndexerAttribute: bc11b3a6c3213fcdd17b65e7da85e133 -> 
  custom:audio-encoder-webm-vorbis: bf7c407c2cedff20999df2af8eb42d56 -> 
  custom:framework-win-MediaFoundation: 216162199b28c13a410421893ffa2e32 -> 
  custom:SearchIndexIgnoredProperties: e643bd26f0fe6173181afceb89e7c659 -> 
  custom:container-demuxer-ogg: 62fdf1f143b41e24485cea50d1cbac27 -> 
  custom:video-decoder-webm-vp8: 9c59270c3fd7afecdb556c50c9e8de78 -> 
  custom:audio-decoder-ogg-vorbis: bf7c407c2cedff20999df2af8eb42d56 -> 
========================================================================
Received Import Request.
  Time since last request: 3216.897018 seconds.
  path: Assets
  artifactKey: Guid(00000000000000001000000000000000) Importer(815301076,1909f56bfc062723c751e8b465ee728b)
Number of updated assets reloaded before import = 0
Start importing Assets using Guid(00000000000000001000000000000000) Importer(815301076,1909f56bfc062723c751e8b465ee728b)  -> (artifact id: '242eb3f8ccddee1d20804eaa3e2360db') in 0.012362 seconds 
Number of asset objects unloaded after import = 0
========================================================================
Received Import Request.
  Time since last request: 12.206863 seconds.
  path: Assets/Materials
  artifactKey: Guid(5178eed4e0d6ba248bec8292cd72ed53) Importer(815301076,1909f56bfc062723c751e8b465ee728b)
Number of updated assets reloaded before import = 0
Start importing Assets/Materials using Guid(5178eed4e0d6ba248bec8292cd72ed53) Importer(815301076,1909f56bfc062723c751e8b465ee728b)  -> (artifact id: '903d117afca424ad41dcc36fd63a0c11') in 0.006933 seconds 
Number of asset objects unloaded after import = 0
========================================================================
Received Import Request.
  Time since last request: 37.781121 seconds.
  path: Assets/Objects
  artifactKey: Guid(d452baf140943bd45933fdc5d689d6e6) Importer(815301076,1909f56bfc062723c751e8b465ee728b)
Number of updated assets reloaded before import = 0
Start importing Assets/Objects using Guid(d452baf140943bd45933fdc5d689d6e6) Importer(815301076,1909f56bfc062723c751e8b465ee728b)  -> (artifact id: 'cf6e054e6add5ee778eb6ade9247b970') in 0.006749 seconds 
Number of asset objects unloaded after import = 0
========================================================================
Received Import Request.
  Time since last request: 5.734955 seconds.
  path: Assets/Models
  artifactKey: Guid(48e15979938924147bc7586fa08fd2c3) Importer(815301076,1909f56bfc062723c751e8b465ee728b)
Number of updated assets reloaded before import = 0
Start importing Assets/Models using Guid(48e15979938924147bc7586fa08fd2c3) Importer(815301076,1909f56bfc062723c751e8b465ee728b)  -> (artifact id: 'c48b83272dadb679f64dc3686ed4258e') in 0.007505 seconds 
Number of asset objects unloaded after import = 0
========================================================================
Received Import Request.
  Time since last request: 9.274166 seconds.
  path: Assets/FXs
  artifactKey: Guid(33ada978f77fd8c4f80cab44069e5fc9) Importer(815301076,1909f56bfc062723c751e8b465ee728b)
Number of updated assets reloaded before import = 0
Start importing Assets/FXs using Guid(33ada978f77fd8c4f80cab44069e5fc9) Importer(815301076,1909f56bfc062723c751e8b465ee728b)  -> (artifact id: 'de36118c855c8273a41741052f19b07c') in 0.006939 seconds 
Number of asset objects unloaded after import = 0
========================================================================
Received Import Request.
  Time since last request: 4.455803 seconds.
  path: Assets/Models/Objects/MainFloor.prefab
  artifactKey: Guid(074a6b1cd3670644d80ed290e71678d2) Importer(815301076,1909f56bfc062723c751e8b465ee728b)
Number of updated assets reloaded before import = 0
Start importing Assets/Models/Objects/MainFloor.prefab using Guid(074a6b1cd3670644d80ed290e71678d2) Importer(815301076,1909f56bfc062723c751e8b465ee728b)  -> (artifact id: '1356dc3a6178fd291c243d1f4501b863') in 0.087236 seconds 
Number of asset objects unloaded after import = 7
========================================================================
Received Import Request.
  Time since last request: 23.082432 seconds.
  path: Assets/FXs/MainDarkLight.prefab
  artifactKey: Guid(eab5a08b37db57a4ca659857d1248214) Importer(815301076,1909f56bfc062723c751e8b465ee728b)
Number of updated assets reloaded before import = 0
Start importing Assets/FXs/MainDarkLight.prefab using Guid(eab5a08b37db57a4ca659857d1248214) Importer(815301076,1909f56bfc062723c751e8b465ee728b)  -> (artifact id: '80ef47050fad1bc7fd5bc24e4ef11996') in 0.008443 seconds 
Number of asset objects unloaded after import = 5
========================================================================
Received Import Request.
  Time since last request: 77.923524 seconds.
  path: Assets/Materials/New Material.mat
  artifactKey: Guid(6575bdd10a82fd3469c28ad50725e6b3) Importer(815301076,1909f56bfc062723c751e8b465ee728b)
Number of updated assets reloaded before import = 0
Start importing Assets/Materials/New Material.mat using Guid(6575bdd10a82fd3469c28ad50725e6b3) Importer(815301076,1909f56bfc062723c751e8b465ee728b)  -> (artifact id: '7263bf6c1c3bb73796046cacc444c52c') in 0.095452 seconds 
Number of asset objects unloaded after import = 1
========================================================================
Received Import Request.
  Time since last request: 4.224017 seconds.
  path: Assets/NewBehaviourScript.cs
  artifactKey: Guid(8eb48e835d848e64f9496f6a24dd390b) Importer(815301076,1909f56bfc062723c751e8b465ee728b)
Number of updated assets reloaded before import = 0
Start importing Assets/NewBehaviourScript.cs using Guid(8eb48e835d848e64f9496f6a24dd390b) Importer(815301076,1909f56bfc062723c751e8b465ee728b)  -> (artifact id: '4535aa34d46d1aa1442ec1a450013109') in 0.016843 seconds 
Number of asset objects unloaded after import = 0
========================================================================
Received Prepare
Registering precompiled user dll's ...
Registered in 0.002393 seconds.
Begin MonoManager ReloadAssembly
Native extension for WindowsStandalone target not found
Refreshing native plugins compatible for Editor in 0.63 ms, found 3 plugins.
Preloading 0 native plugins for Editor in 0.00 ms.
[Package Manager] Server::EnsureServerProcessIsRunning -- launch failed, reason: Unity was launched with the -noUpm command-line argument
[Package Manager] Cannot connect to Unity Package Manager local server
Mono: successfully reloaded assembly
- Completed reload, in  1.169 seconds
Domain Reload Profiling:
	ReloadAssembly (1170ms)
		BeginReloadAssembly (124ms)
			ExecutionOrderSort (0ms)
			DisableScriptedObjects (4ms)
			BackupInstance (0ms)
			ReleaseScriptingObjects (0ms)
			CreateAndSetChildDomain (33ms)
		EndReloadAssembly (981ms)
			LoadAssemblies (70ms)
			RebuildTransferFunctionScriptingTraits (0ms)
			SetupTypeCache (203ms)
			ReleaseScriptCaches (1ms)
			RebuildScriptCaches (33ms)
			SetupLoadedEditorAssemblies (666ms)
				LogAssemblyErrors (0ms)
				InitializePlatformSupportModulesInManaged (4ms)
				SetLoadedEditorAssemblies (0ms)
				RefreshPlugins (1ms)
				BeforeProcessingInitializeOnLoad (35ms)
				ProcessInitializeOnLoadAttributes (601ms)
				ProcessInitializeOnLoadMethodAttributes (22ms)
				AfterProcessingInitializeOnLoad (3ms)
				EditorAssembliesLoaded (0ms)
			ExecutionOrderSort2 (0ms)
			AwakeInstancesAfterBackupRestoration (6ms)
Platform modules already initialized, skipping
Refreshing native plugins compatible for Editor in 0.68 ms, found 3 plugins.
Preloading 0 native plugins for Editor in 0.00 ms.
Unloading 3073 Unused Serialized files (Serialized files now loaded: 0)
Unloading 19 unused Assets / (21.9 KB). Loaded Objects now: 3585.
Memory consumption went from 111.3 MB to 111.2 MB.
Total: 3.399100 ms (FindLiveObjects: 0.386400 ms CreateObjectMapping: 0.093300 ms MarkObjects: 2.892700 ms  DeleteObjects: 0.025900 ms)

AssetImportParameters requested are different than current active one (requested -> active):
  custom:video-decoder-ogg-theora: a1e56fd34408186e4bbccfd4996cb3dc -> 
  custom:container-muxer-webm: aa71ff27fc2769a1b78a27578f13a17b -> 
  custom:container-demuxer-webm: 4f35f7cbe854078d1ac9338744f61a02 -> 
  custom:video-encoder-webm-vp8: eb34c28f22e8b96e1ab97ce403110664 -> 
  custom:video-codec-MediaFoundation-h265: 746d11721c4dcdbdad8f713fa42b33f4 -> 
  custom:CustomObjectIndexerAttribute: bc11b3a6c3213fcdd17b65e7da85e133 -> 
  custom:audio-encoder-webm-vorbis: bf7c407c2cedff20999df2af8eb42d56 -> 
  custom:framework-win-MediaFoundation: 216162199b28c13a410421893ffa2e32 -> 
  custom:SearchIndexIgnoredProperties: e643bd26f0fe6173181afceb89e7c659 -> 
  custom:container-demuxer-ogg: 62fdf1f143b41e24485cea50d1cbac27 -> 
  custom:video-decoder-webm-vp8: 9c59270c3fd7afecdb556c50c9e8de78 -> 
  custom:audio-decoder-ogg-vorbis: bf7c407c2cedff20999df2af8eb42d56 -> 
========================================================================
Received Import Request.
  Time since last request: 13.012880 seconds.
  path: Assets/Scripts
  artifactKey: Guid(0ca0684ed2cfa9e499e3f9706b640a1f) Importer(815301076,1909f56bfc062723c751e8b465ee728b)
Number of updated assets reloaded before import = 0
Start importing Assets/Scripts using Guid(0ca0684ed2cfa9e499e3f9706b640a1f) Importer(815301076,1909f56bfc062723c751e8b465ee728b)  -> (artifact id: '7f21bff98c95fc62e9b6d11e5036ec26') in 0.011749 seconds 
Number of asset objects unloaded after import = 0
========================================================================
Received Import Request.
  Time since last request: 103.309484 seconds.
  path: Assets/Materials/Wall.mat
  artifactKey: Guid(6575bdd10a82fd3469c28ad50725e6b3) Importer(815301076,1909f56bfc062723c751e8b465ee728b)
Number of updated assets reloaded before import = 0
Start importing Assets/Materials/Wall.mat using Guid(6575bdd10a82fd3469c28ad50725e6b3) Importer(815301076,1909f56bfc062723c751e8b465ee728b)  -> (artifact id: '9c0df16a3bb0b4b7f625bd7add0f661f') in 0.052753 seconds 
Number of asset objects unloaded after import = 1
========================================================================
Received Import Request.
  Time since last request: 7.343589 seconds.
  path: Assets/Materials/Floor.mat
  artifactKey: Guid(68ee4051f0c96564cb5f7dbb64a6968d) Importer(815301076,1909f56bfc062723c751e8b465ee728b)
Number of updated assets reloaded before import = 0
Start importing Assets/Materials/Floor.mat using Guid(68ee4051f0c96564cb5f7dbb64a6968d) Importer(815301076,1909f56bfc062723c751e8b465ee728b)  -> (artifact id: '0ef3aa88812e797e79555a0ab07e0e6f') in 0.010033 seconds 
Number of asset objects unloaded after import = 1
========================================================================
Received Import Request.
  Time since last request: 14.818890 seconds.
  path: Assets/Materials/Floor.mat
  artifactKey: Guid(68ee4051f0c96564cb5f7dbb64a6968d) Importer(815301076,1909f56bfc062723c751e8b465ee728b)
Number of updated assets reloaded before import = 0
Start importing Assets/Materials/Floor.mat using Guid(68ee4051f0c96564cb5f7dbb64a6968d) Importer(815301076,1909f56bfc062723c751e8b465ee728b)  -> (artifact id: '237da9664f1c7783984edaf804d979ea') in 0.010866 seconds 
Number of asset objects unloaded after import = 1
========================================================================
Received Import Request.
  Time since last request: 53.712285 seconds.
  path: Assets/Materials/Wall.mat
  artifactKey: Guid(6575bdd10a82fd3469c28ad50725e6b3) Importer(815301076,1909f56bfc062723c751e8b465ee728b)
Number of updated assets reloaded before import = 0
Start importing Assets/Materials/Wall.mat using Guid(6575bdd10a82fd3469c28ad50725e6b3) Importer(815301076,1909f56bfc062723c751e8b465ee728b)  -> (artifact id: '7da50a3a54a1124c70494d209f4be1c3') in 0.010535 seconds 
Number of asset objects unloaded after import = 1
========================================================================
Received Import Request.
  Time since last request: 20.616336 seconds.
  path: Assets/Materials/Floor.mat
  artifactKey: Guid(68ee4051f0c96564cb5f7dbb64a6968d) Importer(815301076,1909f56bfc062723c751e8b465ee728b)
Number of updated assets reloaded before import = 0
Start importing Assets/Materials/Floor.mat using Guid(68ee4051f0c96564cb5f7dbb64a6968d) Importer(815301076,1909f56bfc062723c751e8b465ee728b)  -> (artifact id: '6b23a81e624da80e4c5fb2f24099f1d2') in 0.010600 seconds 
Number of asset objects unloaded after import = 1
========================================================================
Received Import Request.
  Time since last request: 806.676061 seconds.
  path: Assets/Materials/Enemy1.mat
  artifactKey: Guid(e373253eeabfcb64fbd62cf93a96ef02) Importer(815301076,1909f56bfc062723c751e8b465ee728b)
Number of updated assets reloaded before import = 0
Start importing Assets/Materials/Enemy1.mat using Guid(e373253eeabfcb64fbd62cf93a96ef02) Importer(815301076,1909f56bfc062723c751e8b465ee728b)  -> (artifact id: 'b27912636acd98c2c605b13bce5faa02') in 0.010969 seconds 
Number of asset objects unloaded after import = 1
========================================================================
Received Import Request.
  Time since last request: 5.267378 seconds.
  path: Assets/Materials/Enemy2.mat
  artifactKey: Guid(76670248944059a44b8aaa442def95ee) Importer(815301076,1909f56bfc062723c751e8b465ee728b)
Number of updated assets reloaded before import = 0
Start importing Assets/Materials/Enemy2.mat using Guid(76670248944059a44b8aaa442def95ee) Importer(815301076,1909f56bfc062723c751e8b465ee728b)  -> (artifact id: 'c16d86367da141b33f652510ff38921f') in 0.010511 seconds 
Number of asset objects unloaded after import = 1
========================================================================
Received Import Request.
  Time since last request: 5.466607 seconds.
  path: Assets/Materials/Enemy3.mat
  artifactKey: Guid(33a1529b94a047340800d63819c66fc5) Importer(815301076,1909f56bfc062723c751e8b465ee728b)
Number of updated assets reloaded before import = 0
Start importing Assets/Materials/Enemy3.mat using Guid(33a1529b94a047340800d63819c66fc5) Importer(815301076,1909f56bfc062723c751e8b465ee728b)  -> (artifact id: '6c61414812c8751282eafe7a6df5d01a') in 0.010122 seconds 
Number of asset objects unloaded after import = 1
========================================================================
Received Import Request.
  Time since last request: 40.612251 seconds.
  path: Assets/Materials/Enemy1.mat
  artifactKey: Guid(e373253eeabfcb64fbd62cf93a96ef02) Importer(815301076,1909f56bfc062723c751e8b465ee728b)
Number of updated assets reloaded before import = 0
Start importing Assets/Materials/Enemy1.mat using Guid(e373253eeabfcb64fbd62cf93a96ef02) Importer(815301076,1909f56bfc062723c751e8b465ee728b)  -> (artifact id: '4443b2038c2c5ecb21bdad4143752df7') in 0.008974 seconds 
Number of asset objects unloaded after import = 1
========================================================================
Received Import Request.
  Time since last request: 3035.610175 seconds.
  path: Assets/Materials/New Material.mat
  artifactKey: Guid(99cfaeeefa80dbb4797815b0acff277b) Importer(815301076,1909f56bfc062723c751e8b465ee728b)
Number of updated assets reloaded before import = 0
Start importing Assets/Materials/New Material.mat using Guid(99cfaeeefa80dbb4797815b0acff277b) Importer(815301076,1909f56bfc062723c751e8b465ee728b)  -> (artifact id: '4bce289440e46fb96d99ff48925de72d') in 0.018862 seconds 
Number of asset objects unloaded after import = 1
========================================================================
Received Import Request.
  Time since last request: 117.753693 seconds.
  path: Assets/Materials/Food.mat
  artifactKey: Guid(99cfaeeefa80dbb4797815b0acff277b) Importer(815301076,1909f56bfc062723c751e8b465ee728b)
Number of updated assets reloaded before import = 0
Start importing Assets/Materials/Food.mat using Guid(99cfaeeefa80dbb4797815b0acff277b) Importer(815301076,1909f56bfc062723c751e8b465ee728b)  -> (artifact id: '3df179e85be83a0c4491cb87e1b89ded') in 0.012179 seconds 
Number of asset objects unloaded after import = 1
========================================================================
Received Import Request.
  Time since last request: 324.962313 seconds.
  path: Assets/Materials/Enemy2.mat
  artifactKey: Guid(76670248944059a44b8aaa442def95ee) Importer(815301076,1909f56bfc062723c751e8b465ee728b)
Number of updated assets reloaded before import = 0
Start importing Assets/Materials/Enemy2.mat using Guid(76670248944059a44b8aaa442def95ee) Importer(815301076,1909f56bfc062723c751e8b465ee728b)  -> (artifact id: '7dcebf25eb8e49e659ad0f544831bce0') in 0.014453 seconds 
Number of asset objects unloaded after import = 1
========================================================================
Received Import Request.
  Time since last request: 137.673221 seconds.
  path: Assets/Materials/PacMan.mat
  artifactKey: Guid(495b586667f2689469b896ae4ecff596) Importer(815301076,1909f56bfc062723c751e8b465ee728b)
Number of updated assets reloaded before import = 0
Start importing Assets/Materials/PacMan.mat using Guid(495b586667f2689469b896ae4ecff596) Importer(815301076,1909f56bfc062723c751e8b465ee728b)  -> (artifact id: '31205623c1b4a7f266ff0873b572871a') in 0.011846 seconds 
Number of asset objects unloaded after import = 1
========================================================================
Received Import Request.
  Time since last request: 17.244888 seconds.
  path: Assets/Materials/PacMan.mat
  artifactKey: Guid(495b586667f2689469b896ae4ecff596) Importer(815301076,1909f56bfc062723c751e8b465ee728b)
Number of updated assets reloaded before import = 0
Start importing Assets/Materials/PacMan.mat using Guid(495b586667f2689469b896ae4ecff596) Importer(815301076,1909f56bfc062723c751e8b465ee728b)  -> (artifact id: '38d79998e9ae6f306e45a93d6f0cb6eb') in 0.010398 seconds 
Number of asset objects unloaded after import = 1
